Build started 4/5/2012 5:38:42 PM.
     1>Project "C:\Users\CSRL\Dropbox\Capstone-ARI\Work in Progress\MFPlayer2\MFPlayer\MFPlayer.vcxproj" on node 2 (build target(s)).
     1>InitializeBuildStatus:
         Creating "Release\MFPlayer.unsuccessfulbuild" because "AlwaysCreate" was specified.
       Midl:
         c:\Program Files (x86)\Microsoft SDKs\Windows\v7.0A\bin\midl.exe /W1 /nologo /char signed /env win32 /h "player_h.h" /tlb "Release\MFPlayer.tlb" player.idl 
         Processing .\player.idl
         player.idl
         Processing c:\Program Files (x86)\Microsoft SDKs\Windows\v7.0A\include\oaidl.idl
         oaidl.idl
         Processing c:\Program Files (x86)\Microsoft SDKs\Windows\v7.0A\include\objidl.idl
         objidl.idl
         Processing c:\Program Files (x86)\Microsoft SDKs\Windows\v7.0A\include\unknwn.idl
         unknwn.idl
         Processing c:\Program Files (x86)\Microsoft SDKs\Windows\v7.0A\include\wtypes.idl
         wtypes.idl
         Processing c:\Program Files (x86)\Microsoft SDKs\Windows\v7.0A\include\basetsd.h
         basetsd.h
         Processing c:\Program Files (x86)\Microsoft SDKs\Windows\v7.0A\include\guiddef.h
         guiddef.h
         Processing c:\Program Files (x86)\Microsoft SDKs\Windows\v7.0A\include\ocidl.idl
         ocidl.idl
         Processing c:\Program Files (x86)\Microsoft SDKs\Windows\v7.0A\include\oleidl.idl
         oleidl.idl
         Processing c:\Program Files (x86)\Microsoft SDKs\Windows\v7.0A\include\servprov.idl
         servprov.idl
         Processing c:\Program Files (x86)\Microsoft SDKs\Windows\v7.0A\include\urlmon.idl
         urlmon.idl
         Processing c:\Program Files (x86)\Microsoft SDKs\Windows\v7.0A\include\msxml.idl
         msxml.idl
         Processing c:\Program Files (x86)\Microsoft SDKs\Windows\v7.0A\include\mfidl.idl
         mfidl.idl
         Processing c:\Program Files (x86)\Microsoft SDKs\Windows\v7.0A\include\mfobjects.idl
         mfobjects.idl
         Processing c:\Program Files (x86)\Microsoft SDKs\Windows\v7.0A\include\propsys.idl
         propsys.idl
         Processing c:\Program Files (x86)\Microsoft SDKs\Windows\v7.0A\include\shtypes.idl
         shtypes.idl
         Processing c:\Program Files (x86)\Microsoft SDKs\Windows\v7.0A\include\StructuredQueryCondition.idl
         StructuredQueryCondition.idl
         Processing c:\Program Files (x86)\Microsoft SDKs\Windows\v7.0A\include\propidl.idl
         propidl.idl
         Processing c:\Program Files (x86)\Microsoft SDKs\Windows\v7.0A\include\mediaobj.idl
         mediaobj.idl
         Processing c:\Program Files (x86)\Microsoft SDKs\Windows\v7.0A\include\mftransform.idl
         mftransform.idl
         Processing c:\Program Files (x86)\Microsoft SDKs\Windows\v7.0A\include\oaidl.acf
         oaidl.acf
         Processing c:\Program Files (x86)\Microsoft SDKs\Windows\v7.0A\include\ocidl.acf
         ocidl.acf
       ClCompile:
         c:\Program Files (x86)\Microsoft Visual Studio 10.0\VC\bin\CL.exe /c /I..\common\ /I..\common\winui /Zi /nologo /W3 /WX- /O2 /Oy- /GL /D WIN32 /D NDEBUG /D _WINDOWS /D _UNICODE /D UNICODE /Gm- /EHsc /MD /GS /fp:precise /Zc:wchar_t /Zc:forScope /Fo"Release\\" /Fd"Release\vc100.pdb" /Gd /TP /analyze- /errorReport:prompt Feature_Audio.cpp Feature_Base.cpp Feature_Seeking.cpp Feature_Video.cpp MainDialog.cpp Player.cpp ThemedButton.cpp winmain.cpp
         Feature_Audio.cpp
     1>c:\Program Files (x86)\Microsoft Visual Studio 10.0\VC\include\cstdio(48): warning C4995: 'gets': name was marked as #pragma deprecated
     1>c:\Program Files (x86)\Microsoft Visual Studio 10.0\VC\include\cstdio(52): warning C4995: 'sprintf': name was marked as #pragma deprecated
     1>c:\Program Files (x86)\Microsoft Visual Studio 10.0\VC\include\cstdio(55): warning C4995: 'vsprintf': name was marked as #pragma deprecated
     1>c:\Program Files (x86)\Microsoft Visual Studio 10.0\VC\include\cstring(21): warning C4995: 'strcat': name was marked as #pragma deprecated
     1>c:\Program Files (x86)\Microsoft Visual Studio 10.0\VC\include\cstring(22): warning C4995: 'strcpy': name was marked as #pragma deprecated
     1>c:\Program Files (x86)\Microsoft Visual Studio 10.0\VC\include\cwchar(30): warning C4995: 'swprintf': name was marked as #pragma deprecated
     1>c:\Program Files (x86)\Microsoft Visual Studio 10.0\VC\include\cwchar(31): warning C4995: 'vswprintf': name was marked as #pragma deprecated
     1>c:\Program Files (x86)\Microsoft Visual Studio 10.0\VC\include\cwchar(33): warning C4995: 'wcscat': name was marked as #pragma deprecated
     1>c:\Program Files (x86)\Microsoft Visual Studio 10.0\VC\include\cwchar(35): warning C4995: 'wcscpy': name was marked as #pragma deprecated
     1>c:\Program Files (x86)\Microsoft Visual Studio 10.0\VC\include\string(757): warning C4995: 'swprintf': name was marked as #pragma deprecated
     1>c:\Program Files (x86)\Microsoft Visual Studio 10.0\VC\include\string(766): warning C4995: 'swprintf': name was marked as #pragma deprecated
     1>c:\Program Files (x86)\Microsoft Visual Studio 10.0\VC\include\string(775): warning C4995: 'swprintf': name was marked as #pragma deprecated
         Feature_Base.cpp
     1>c:\Program Files (x86)\Microsoft Visual Studio 10.0\VC\include\cstdio(48): warning C4995: 'gets': name was marked as #pragma deprecated
     1>c:\Program Files (x86)\Microsoft Visual Studio 10.0\VC\include\cstdio(52): warning C4995: 'sprintf': name was marked as #pragma deprecated
     1>c:\Program Files (x86)\Microsoft Visual Studio 10.0\VC\include\cstdio(55): warning C4995: 'vsprintf': name was marked as #pragma deprecated
     1>c:\Program Files (x86)\Microsoft Visual Studio 10.0\VC\include\cstring(21): warning C4995: 'strcat': name was marked as #pragma deprecated
     1>c:\Program Files (x86)\Microsoft Visual Studio 10.0\VC\include\cstring(22): warning C4995: 'strcpy': name was marked as #pragma deprecated
     1>c:\Program Files (x86)\Microsoft Visual Studio 10.0\VC\include\cwchar(30): warning C4995: 'swprintf': name was marked as #pragma deprecated
     1>c:\Program Files (x86)\Microsoft Visual Studio 10.0\VC\include\cwchar(31): warning C4995: 'vswprintf': name was marked as #pragma deprecated
     1>c:\Program Files (x86)\Microsoft Visual Studio 10.0\VC\include\cwchar(33): warning C4995: 'wcscat': name was marked as #pragma deprecated
     1>c:\Program Files (x86)\Microsoft Visual Studio 10.0\VC\include\cwchar(35): warning C4995: 'wcscpy': name was marked as #pragma deprecated
     1>c:\Program Files (x86)\Microsoft Visual Studio 10.0\VC\include\string(757): warning C4995: 'swprintf': name was marked as #pragma deprecated
     1>c:\Program Files (x86)\Microsoft Visual Studio 10.0\VC\include\string(766): warning C4995: 'swprintf': name was marked as #pragma deprecated
     1>c:\Program Files (x86)\Microsoft Visual Studio 10.0\VC\include\string(775): warning C4995: 'swprintf': name was marked as #pragma deprecated
         Feature_Seeking.cpp
     1>c:\Program Files (x86)\Microsoft Visual Studio 10.0\VC\include\cstdio(48): warning C4995: 'gets': name was marked as #pragma deprecated
     1>c:\Program Files (x86)\Microsoft Visual Studio 10.0\VC\include\cstdio(52): warning C4995: 'sprintf': name was marked as #pragma deprecated
     1>c:\Program Files (x86)\Microsoft Visual Studio 10.0\VC\include\cstdio(55): warning C4995: 'vsprintf': name was marked as #pragma deprecated
     1>c:\Program Files (x86)\Microsoft Visual Studio 10.0\VC\include\cstring(21): warning C4995: 'strcat': name was marked as #pragma deprecated
     1>c:\Program Files (x86)\Microsoft Visual Studio 10.0\VC\include\cstring(22): warning C4995: 'strcpy': name was marked as #pragma deprecated
     1>c:\Program Files (x86)\Microsoft Visual Studio 10.0\VC\include\cwchar(30): warning C4995: 'swprintf': name was marked as #pragma deprecated
     1>c:\Program Files (x86)\Microsoft Visual Studio 10.0\VC\include\cwchar(31): warning C4995: 'vswprintf': name was marked as #pragma deprecated
     1>c:\Program Files (x86)\Microsoft Visual Studio 10.0\VC\include\cwchar(33): warning C4995: 'wcscat': name was marked as #pragma deprecated
     1>c:\Program Files (x86)\Microsoft Visual Studio 10.0\VC\include\cwchar(35): warning C4995: 'wcscpy': name was marked as #pragma deprecated
     1>c:\Program Files (x86)\Microsoft Visual Studio 10.0\VC\include\string(757): warning C4995: 'swprintf': name was marked as #pragma deprecated
     1>c:\Program Files (x86)\Microsoft Visual Studio 10.0\VC\include\string(766): warning C4995: 'swprintf': name was marked as #pragma deprecated
     1>c:\Program Files (x86)\Microsoft Visual Studio 10.0\VC\include\string(775): warning C4995: 'swprintf': name was marked as #pragma deprecated
         Feature_Video.cpp
     1>c:\Program Files (x86)\Microsoft Visual Studio 10.0\VC\include\cstdio(48): warning C4995: 'gets': name was marked as #pragma deprecated
     1>c:\Program Files (x86)\Microsoft Visual Studio 10.0\VC\include\cstdio(52): warning C4995: 'sprintf': name was marked as #pragma deprecated
     1>c:\Program Files (x86)\Microsoft Visual Studio 10.0\VC\include\cstdio(55): warning C4995: 'vsprintf': name was marked as #pragma deprecated
     1>c:\Program Files (x86)\Microsoft Visual Studio 10.0\VC\include\cstring(21): warning C4995: 'strcat': name was marked as #pragma deprecated
     1>c:\Program Files (x86)\Microsoft Visual Studio 10.0\VC\include\cstring(22): warning C4995: 'strcpy': name was marked as #pragma deprecated
     1>c:\Program Files (x86)\Microsoft Visual Studio 10.0\VC\include\cwchar(30): warning C4995: 'swprintf': name was marked as #pragma deprecated
     1>c:\Program Files (x86)\Microsoft Visual Studio 10.0\VC\include\cwchar(31): warning C4995: 'vswprintf': name was marked as #pragma deprecated
     1>c:\Program Files (x86)\Microsoft Visual Studio 10.0\VC\include\cwchar(33): warning C4995: 'wcscat': name was marked as #pragma deprecated
     1>c:\Program Files (x86)\Microsoft Visual Studio 10.0\VC\include\cwchar(35): warning C4995: 'wcscpy': name was marked as #pragma deprecated
     1>c:\Program Files (x86)\Microsoft Visual Studio 10.0\VC\include\string(757): warning C4995: 'swprintf': name was marked as #pragma deprecated
     1>c:\Program Files (x86)\Microsoft Visual Studio 10.0\VC\include\string(766): warning C4995: 'swprintf': name was marked as #pragma deprecated
     1>c:\Program Files (x86)\Microsoft Visual Studio 10.0\VC\include\string(775): warning C4995: 'swprintf': name was marked as #pragma deprecated
         MainDialog.cpp
     1>c:\Program Files (x86)\Microsoft Visual Studio 10.0\VC\include\cstdio(48): warning C4995: 'gets': name was marked as #pragma deprecated
     1>c:\Program Files (x86)\Microsoft Visual Studio 10.0\VC\include\cstdio(52): warning C4995: 'sprintf': name was marked as #pragma deprecated
     1>c:\Program Files (x86)\Microsoft Visual Studio 10.0\VC\include\cstdio(55): warning C4995: 'vsprintf': name was marked as #pragma deprecated
     1>c:\Program Files (x86)\Microsoft Visual Studio 10.0\VC\include\cstring(21): warning C4995: 'strcat': name was marked as #pragma deprecated
     1>c:\Program Files (x86)\Microsoft Visual Studio 10.0\VC\include\cstring(22): warning C4995: 'strcpy': name was marked as #pragma deprecated
     1>c:\Program Files (x86)\Microsoft Visual Studio 10.0\VC\include\cwchar(30): warning C4995: 'swprintf': name was marked as #pragma deprecated
     1>c:\Program Files (x86)\Microsoft Visual Studio 10.0\VC\include\cwchar(31): warning C4995: 'vswprintf': name was marked as #pragma deprecated
     1>c:\Program Files (x86)\Microsoft Visual Studio 10.0\VC\include\cwchar(33): warning C4995: 'wcscat': name was marked as #pragma deprecated
     1>c:\Program Files (x86)\Microsoft Visual Studio 10.0\VC\include\cwchar(35): warning C4995: 'wcscpy': name was marked as #pragma deprecated
     1>c:\Program Files (x86)\Microsoft Visual Studio 10.0\VC\include\string(757): warning C4995: 'swprintf': name was marked as #pragma deprecated
     1>c:\Program Files (x86)\Microsoft Visual Studio 10.0\VC\include\string(766): warning C4995: 'swprintf': name was marked as #pragma deprecated
     1>c:\Program Files (x86)\Microsoft Visual Studio 10.0\VC\include\string(775): warning C4995: 'swprintf': name was marked as #pragma deprecated
     1>MainDialog.cpp(191): warning C4996: 'asctime': This function or variable may be unsafe. Consider using asctime_s instead. To disable deprecation, use _CRT_SECURE_NO_WARNINGS. See online help for details.
                 c:\Program Files (x86)\Microsoft Visual Studio 10.0\VC\include\time.h(153) : see declaration of 'asctime'
     1>MainDialog.cpp(191): warning C4996: 'localtime': This function or variable may be unsafe. Consider using localtime_s instead. To disable deprecation, use _CRT_SECURE_NO_WARNINGS. See online help for details.
                 c:\Program Files (x86)\Microsoft Visual Studio 10.0\VC\include\time.inl(112) : see declaration of 'localtime'
     1>MainDialog.cpp(192): warning C4996: 'asctime': This function or variable may be unsafe. Consider using asctime_s instead. To disable deprecation, use _CRT_SECURE_NO_WARNINGS. See online help for details.
                 c:\Program Files (x86)\Microsoft Visual Studio 10.0\VC\include\time.h(153) : see declaration of 'asctime'
         Player.cpp
     1>c:\Program Files (x86)\Microsoft Visual Studio 10.0\VC\include\cstdio(48): warning C4995: 'gets': name was marked as #pragma deprecated
     1>c:\Program Files (x86)\Microsoft Visual Studio 10.0\VC\include\cstdio(52): warning C4995: 'sprintf': name was marked as #pragma deprecated
     1>c:\Program Files (x86)\Microsoft Visual Studio 10.0\VC\include\cstdio(55): warning C4995: 'vsprintf': name was marked as #pragma deprecated
     1>c:\Program Files (x86)\Microsoft Visual Studio 10.0\VC\include\cstring(21): warning C4995: 'strcat': name was marked as #pragma deprecated
     1>c:\Program Files (x86)\Microsoft Visual Studio 10.0\VC\include\cstring(22): warning C4995: 'strcpy': name was marked as #pragma deprecated
     1>c:\Program Files (x86)\Microsoft Visual Studio 10.0\VC\include\cwchar(30): warning C4995: 'swprintf': name was marked as #pragma deprecated
     1>c:\Program Files (x86)\Microsoft Visual Studio 10.0\VC\include\cwchar(31): warning C4995: 'vswprintf': name was marked as #pragma deprecated
     1>c:\Program Files (x86)\Microsoft Visual Studio 10.0\VC\include\cwchar(33): warning C4995: 'wcscat': name was marked as #pragma deprecated
     1>c:\Program Files (x86)\Microsoft Visual Studio 10.0\VC\include\cwchar(35): warning C4995: 'wcscpy': name was marked as #pragma deprecated
     1>c:\Program Files (x86)\Microsoft Visual Studio 10.0\VC\include\string(757): warning C4995: 'swprintf': name was marked as #pragma deprecated
     1>c:\Program Files (x86)\Microsoft Visual Studio 10.0\VC\include\string(766): warning C4995: 'swprintf': name was marked as #pragma deprecated
     1>c:\Program Files (x86)\Microsoft Visual Studio 10.0\VC\include\string(775): warning C4995: 'swprintf': name was marked as #pragma deprecated
         ThemedButton.cpp
     1>c:\Program Files (x86)\Microsoft Visual Studio 10.0\VC\include\cstdio(48): warning C4995: 'gets': name was marked as #pragma deprecated
     1>c:\Program Files (x86)\Microsoft Visual Studio 10.0\VC\include\cstdio(52): warning C4995: 'sprintf': name was marked as #pragma deprecated
     1>c:\Program Files (x86)\Microsoft Visual Studio 10.0\VC\include\cstdio(55): warning C4995: 'vsprintf': name was marked as #pragma deprecated
     1>c:\Program Files (x86)\Microsoft Visual Studio 10.0\VC\include\cstring(21): warning C4995: 'strcat': name was marked as #pragma deprecated
     1>c:\Program Files (x86)\Microsoft Visual Studio 10.0\VC\include\cstring(22): warning C4995: 'strcpy': name was marked as #pragma deprecated
     1>c:\Program Files (x86)\Microsoft Visual Studio 10.0\VC\include\cwchar(30): warning C4995: 'swprintf': name was marked as #pragma deprecated
     1>c:\Program Files (x86)\Microsoft Visual Studio 10.0\VC\include\cwchar(31): warning C4995: 'vswprintf': name was marked as #pragma deprecated
     1>c:\Program Files (x86)\Microsoft Visual Studio 10.0\VC\include\cwchar(33): warning C4995: 'wcscat': name was marked as #pragma deprecated
     1>c:\Program Files (x86)\Microsoft Visual Studio 10.0\VC\include\cwchar(35): warning C4995: 'wcscpy': name was marked as #pragma deprecated
     1>c:\Program Files (x86)\Microsoft Visual Studio 10.0\VC\include\string(757): warning C4995: 'swprintf': name was marked as #pragma deprecated
     1>c:\Program Files (x86)\Microsoft Visual Studio 10.0\VC\include\string(766): warning C4995: 'swprintf': name was marked as #pragma deprecated
     1>c:\Program Files (x86)\Microsoft Visual Studio 10.0\VC\include\string(775): warning C4995: 'swprintf': name was marked as #pragma deprecated
         winmain.cpp
     1>c:\Program Files (x86)\Microsoft Visual Studio 10.0\VC\include\cstdio(48): warning C4995: 'gets': name was marked as #pragma deprecated
     1>c:\Program Files (x86)\Microsoft Visual Studio 10.0\VC\include\cstdio(52): warning C4995: 'sprintf': name was marked as #pragma deprecated
     1>c:\Program Files (x86)\Microsoft Visual Studio 10.0\VC\include\cstdio(55): warning C4995: 'vsprintf': name was marked as #pragma deprecated
     1>c:\Program Files (x86)\Microsoft Visual Studio 10.0\VC\include\cstring(21): warning C4995: 'strcat': name was marked as #pragma deprecated
     1>c:\Program Files (x86)\Microsoft Visual Studio 10.0\VC\include\cstring(22): warning C4995: 'strcpy': name was marked as #pragma deprecated
     1>c:\Program Files (x86)\Microsoft Visual Studio 10.0\VC\include\cwchar(30): warning C4995: 'swprintf': name was marked as #pragma deprecated
     1>c:\Program Files (x86)\Microsoft Visual Studio 10.0\VC\include\cwchar(31): warning C4995: 'vswprintf': name was marked as #pragma deprecated
     1>c:\Program Files (x86)\Microsoft Visual Studio 10.0\VC\include\cwchar(33): warning C4995: 'wcscat': name was marked as #pragma deprecated
     1>c:\Program Files (x86)\Microsoft Visual Studio 10.0\VC\include\cwchar(35): warning C4995: 'wcscpy': name was marked as #pragma deprecated
     1>c:\Program Files (x86)\Microsoft Visual Studio 10.0\VC\include\string(757): warning C4995: 'swprintf': name was marked as #pragma deprecated
     1>c:\Program Files (x86)\Microsoft Visual Studio 10.0\VC\include\string(766): warning C4995: 'swprintf': name was marked as #pragma deprecated
     1>c:\Program Files (x86)\Microsoft Visual Studio 10.0\VC\include\string(775): warning C4995: 'swprintf': name was marked as #pragma deprecated
     1>c:\Program Files (x86)\Microsoft Visual Studio 10.0\VC\atlmfc\include\AtlConv.h(757): warning C4995: 'wcscpy': name was marked as #pragma deprecated
     1>c:\Program Files (x86)\Microsoft Visual Studio 10.0\VC\atlmfc\include\AtlConv.h(768): warning C4995: 'wcscat': name was marked as #pragma deprecated
       ResourceCompile:
         c:\Program Files (x86)\Microsoft SDKs\Windows\v7.0A\bin\rc.exe /D _UNICODE /D UNICODE /l"0x0409" /nologo /fo"Release\MFPlayer.res" MFPlayer.rc 
       Link:
         c:\Program Files (x86)\Microsoft Visual Studio 10.0\VC\bin\link.exe /ERRORREPORT:PROMPT /OUT:"C:\Users\CSRL\Dropbox\Capstone-ARI\Work in Progress\MFPlayer2\MFPlayer\Release\MFPlayer.exe" /INCREMENTAL:NO /NOLOGO kernel32.lib user32.lib gdi32.lib winspool.lib comdlg32.lib advapi32.lib shell32.lib ole32.lib oleaut32.lib uuid.lib odbc32.lib odbccp32.lib /MANIFEST /ManifestFile:"Release\MFPlayer.exe.intermediate.manifest" /MANIFESTUAC:"level='asInvoker' uiAccess='false'" /DEBUG /PDB:"C:\Users\CSRL\Dropbox\Capstone-ARI\Work in Progress\MFPlayer2\MFPlayer\Release\MFPlayer.pdb" /SUBSYSTEM:WINDOWS /OPT:REF /OPT:ICF /LTCG /TLBID:1 /DYNAMICBASE:NO /IMPLIB:"C:\Users\CSRL\Dropbox\Capstone-ARI\Work in Progress\MFPlayer2\MFPlayer\Release\MFPlayer.lib" /MACHINE:X86 Release\MFPlayer.res
         Release\Button.obj
         Release\Dialog.obj
         Release\Feature_Audio.obj
         Release\Feature_Base.obj
         Release\Feature_Seeking.obj
         Release\Feature_Video.obj
         Release\MainDialog.obj
         Release\Player.obj
         Release\Slider.obj
         Release\ThemedButton.obj
         Release\wincontrol.obj
         Release\winmain.obj
         Generating code
         Finished generating code
         MFPlayer.vcxproj -> C:\Users\CSRL\Dropbox\Capstone-ARI\Work in Progress\MFPlayer2\MFPlayer\Release\MFPlayer.exe
       Manifest:
         c:\Program Files (x86)\Microsoft SDKs\Windows\v7.0A\bin\mt.exe /nologo /verbose /outputresource:"C:\Users\CSRL\Dropbox\Capstone-ARI\Work in Progress\MFPlayer2\MFPlayer\Release\MFPlayer.exe;#1" /manifest Release\MFPlayer.exe.intermediate.manifest
       FinalizeBuildStatus:
         Deleting file "Release\MFPlayer.unsuccessfulbuild".
         Touching "Release\MFPlayer.lastbuildstate".
     1>Done Building Project "C:\Users\CSRL\Dropbox\Capstone-ARI\Work in Progress\MFPlayer2\MFPlayer\MFPlayer.vcxproj" (build target(s)).

Build succeeded.

Time Elapsed 00:00:07.23
