Build started 4/2/2012 8:06:32 PM.
     1>Project "C:\Users\CSRL\Dropbox\Capstone-ARI\Work in Progress\MFPlayer1\MFPlayerOwen\MFPlayer.vcxproj" on node 2 (build target(s)).
     1>InitializeBuildStatus:
         Creating "Debug\MFPlayer.unsuccessfulbuild" because "AlwaysCreate" was specified.
       Midl:
         All outputs are up-to-date.
       ClCompile:
         All outputs are up-to-date.
       ResourceCompile:
         c:\Program Files (x86)\Microsoft SDKs\Windows\v7.0A\bin\rc.exe /D _UNICODE /D UNICODE /l"0x0409" /nologo /fo"Debug\MFPlayer.res" MFPlayer.rc 
       ManifestResourceCompile:
         All outputs are up-to-date.
       Link:
         c:\Program Files (x86)\Microsoft Visual Studio 10.0\VC\bin\link.exe /ERRORREPORT:PROMPT /OUT:"C:\Users\CSRL\Dropbox\Capstone-ARI\Work in Progress\MFPlayer1\MFPlayerOwen\Debug\MFPlayer.exe" /INCREMENTAL /NOLOGO kernel32.lib user32.lib gdi32.lib winspool.lib comdlg32.lib advapi32.lib shell32.lib ole32.lib oleaut32.lib uuid.lib odbc32.lib odbccp32.lib /MANIFEST /ManifestFile:"Debug\MFPlayer.exe.intermediate.manifest" /MANIFESTUAC:"level='asInvoker' uiAccess='false'" /DEBUG /PDB:"C:\Users\CSRL\Dropbox\Capstone-ARI\Work in Progress\MFPlayer1\MFPlayerOwen\Debug\MFPlayer.pdb" /SUBSYSTEM:WINDOWS /TLBID:1 /DYNAMICBASE /NXCOMPAT /IMPLIB:"C:\Users\CSRL\Dropbox\Capstone-ARI\Work in Progress\MFPlayer1\MFPlayerOwen\Debug\MFPlayer.lib" /MACHINE:X86 Debug\MFPlayer.res
         Debug\MFPlayer.exe.embed.manifest.res
         Debug\Button.obj
         Debug\Dialog.obj
         Debug\Feature_Audio.obj
         Debug\Feature_Base.obj
         Debug\Feature_Seeking.obj
         Debug\Feature_Video.obj
         Debug\MainDialog.obj
         Debug\Player.obj
         Debug\Slider.obj
         Debug\ThemedButton.obj
         Debug\wincontrol.obj
         Debug\winmain.obj
       Manifest:
         c:\Program Files (x86)\Microsoft SDKs\Windows\v7.0A\bin\mt.exe /nologo /verbose /out:"Debug\MFPlayer.exe.embed.manifest" /manifest Debug\MFPlayer.exe.intermediate.manifest
         All outputs are up-to-date.
       LinkEmbedManifest:
         All outputs are up-to-date.
         MFPlayer.vcxproj -> C:\Users\CSRL\Dropbox\Capstone-ARI\Work in Progress\MFPlayer1\MFPlayerOwen\Debug\MFPlayer.exe
       FinalizeBuildStatus:
         Deleting file "Debug\MFPlayer.unsuccessfulbuild".
         Touching "Debug\MFPlayer.lastbuildstate".
     1>Done Building Project "C:\Users\CSRL\Dropbox\Capstone-ARI\Work in Progress\MFPlayer1\MFPlayerOwen\MFPlayer.vcxproj" (build target(s)).

Build succeeded.

Time Elapsed 00:00:00.31
