Build started 3/22/2012 2:56:23 PM.
     1>Project "C:\Users\ARI\Desktop\backup1\ARI Test v1\MFPlayer2\MFPlayer\MFPlayer.vcxproj" on node 2 (build target(s)).
     1>InitializeBuildStatus:
         Creating "Debug\MFPlayer.unsuccessfulbuild" because "AlwaysCreate" was specified.
       Midl:
         All outputs are up-to-date.
       ClCompile:
         c:\Program Files (x86)\Microsoft Visual Studio 10.0\VC\bin\CL.exe /c /I..\common\ /I..\common\winui /ZI /nologo /W3 /WX- /Od /Oy- /D WIN32 /D _DEBUG /D _WINDOWS /D _UNICODE /D UNICODE /Gm /EHsc /RTC1 /MDd /GS /fp:precise /Zc:wchar_t /Zc:forScope /Fo"Debug\\" /Fd"Debug\vc100.pdb" /Gd /TP /analyze- /errorReport:prompt MainDialog.cpp
         MainDialog.cpp
     1>c:\program files (x86)\microsoft visual studio 10.0\vc\include\cstdio(48): warning C4995: 'gets': name was marked as #pragma deprecated
     1>c:\program files (x86)\microsoft visual studio 10.0\vc\include\cstdio(52): warning C4995: 'sprintf': name was marked as #pragma deprecated
     1>c:\program files (x86)\microsoft visual studio 10.0\vc\include\cstdio(55): warning C4995: 'vsprintf': name was marked as #pragma deprecated
     1>c:\program files (x86)\microsoft visual studio 10.0\vc\include\cstring(21): warning C4995: 'strcat': name was marked as #pragma deprecated
     1>c:\program files (x86)\microsoft visual studio 10.0\vc\include\cstring(22): warning C4995: 'strcpy': name was marked as #pragma deprecated
     1>c:\program files (x86)\microsoft visual studio 10.0\vc\include\cwchar(30): warning C4995: 'swprintf': name was marked as #pragma deprecated
     1>c:\program files (x86)\microsoft visual studio 10.0\vc\include\cwchar(31): warning C4995: 'vswprintf': name was marked as #pragma deprecated
     1>c:\program files (x86)\microsoft visual studio 10.0\vc\include\cwchar(33): warning C4995: 'wcscat': name was marked as #pragma deprecated
     1>c:\program files (x86)\microsoft visual studio 10.0\vc\include\cwchar(35): warning C4995: 'wcscpy': name was marked as #pragma deprecated
     1>c:\program files (x86)\microsoft visual studio 10.0\vc\include\string(757): warning C4995: 'swprintf': name was marked as #pragma deprecated
     1>c:\program files (x86)\microsoft visual studio 10.0\vc\include\string(766): warning C4995: 'swprintf': name was marked as #pragma deprecated
     1>c:\program files (x86)\microsoft visual studio 10.0\vc\include\string(775): warning C4995: 'swprintf': name was marked as #pragma deprecated
     1>c:\users\ari\desktop\backup1\ari test v1\mfplayer2\mfplayer\maindialog.cpp(191): warning C4996: 'asctime': This function or variable may be unsafe. Consider using asctime_s instead. To disable deprecation, use _CRT_SECURE_NO_WARNINGS. See online help for details.
                 c:\program files (x86)\microsoft visual studio 10.0\vc\include\time.h(153) : see declaration of 'asctime'
     1>c:\users\ari\desktop\backup1\ari test v1\mfplayer2\mfplayer\maindialog.cpp(191): warning C4996: 'localtime': This function or variable may be unsafe. Consider using localtime_s instead. To disable deprecation, use _CRT_SECURE_NO_WARNINGS. See online help for details.
                 c:\program files (x86)\microsoft visual studio 10.0\vc\include\time.inl(112) : see declaration of 'localtime'
     1>c:\users\ari\desktop\backup1\ari test v1\mfplayer2\mfplayer\maindialog.cpp(192): warning C4996: 'asctime': This function or variable may be unsafe. Consider using asctime_s instead. To disable deprecation, use _CRT_SECURE_NO_WARNINGS. See online help for details.
                 c:\program files (x86)\microsoft visual studio 10.0\vc\include\time.h(153) : see declaration of 'asctime'
       ResourceCompile:
         All outputs are up-to-date.
       ManifestResourceCompile:
         All outputs are up-to-date.
       Link:
         c:\Program Files (x86)\Microsoft Visual Studio 10.0\VC\bin\link.exe /ERRORREPORT:PROMPT /OUT:"C:\Users\ARI\Desktop\backup1\ARI Test v1\MFPlayer2\MFPlayer\Debug\MFPlayer.exe" /INCREMENTAL /NOLOGO kernel32.lib user32.lib gdi32.lib winspool.lib comdlg32.lib advapi32.lib shell32.lib ole32.lib oleaut32.lib uuid.lib odbc32.lib odbccp32.lib /MANIFEST /ManifestFile:"Debug\MFPlayer.exe.intermediate.manifest" /MANIFESTUAC:"level='asInvoker' uiAccess='false'" /DEBUG /PDB:"C:\Users\ARI\Desktop\backup1\ARI Test v1\MFPlayer2\MFPlayer\Debug\MFPlayer.pdb" /SUBSYSTEM:WINDOWS /TLBID:1 /DYNAMICBASE:NO /IMPLIB:"C:\Users\ARI\Desktop\backup1\ARI Test v1\MFPlayer2\MFPlayer\Debug\MFPlayer.lib" /MACHINE:X86 Debug\MFPlayer.res
         Debug\MFPlayer.exe.embed.manifest.res
         Debug\Button.obj
         Debug\Dialog.obj
         Debug\Feature_Audio.obj
         Debug\Feature_Base.obj
         Debug\Feature_Seeking.obj
         Debug\Feature_Video.obj
         Debug\MainDialog.obj
         Debug\Player.obj
         Debug\Slider.obj
         Debug\ThemedButton.obj
         Debug\wincontrol.obj
         Debug\winmain.obj
       Manifest:
         C:\Program Files (x86)\Microsoft SDKs\Windows\v7.0A\bin\mt.exe /nologo /verbose /out:"Debug\MFPlayer.exe.embed.manifest" /manifest Debug\MFPlayer.exe.intermediate.manifest
         All outputs are up-to-date.
       LinkEmbedManifest:
         All outputs are up-to-date.
         MFPlayer.vcxproj -> C:\Users\ARI\Desktop\backup1\ARI Test v1\MFPlayer2\MFPlayer\Debug\MFPlayer.exe
       FinalizeBuildStatus:
         Deleting file "Debug\MFPlayer.unsuccessfulbuild".
         Touching "Debug\MFPlayer.lastbuildstate".
     1>Done Building Project "C:\Users\ARI\Desktop\backup1\ARI Test v1\MFPlayer2\MFPlayer\MFPlayer.vcxproj" (build target(s)).

Build succeeded.

Time Elapsed 00:00:01.65
